<?xml version="1.0" encoding="UTF-8"?>
<!-- Generated by org.testng.reporters.JUnitXMLReporter -->
<testsuite ignored="0" hostname="LAPTOP-7LQ2IVHJ" failures="0" tests="10" name="Default test" time="117.05" errors="0" timestamp="2022-01-17T19:12:07 IST">
  <testcase classname="runner.WebApp" name="test1" time="0.555"/>
  <testcase classname="runner.WebApp" name="test2" time="0.917"/>
  <testcase classname="runner.WebApp" name="test3" time="0.27"/>
  <testcase classname="runner.WebApp" name="test4" time="0.975"/>
  <testcase classname="runner.WebApp" name="test5" time="1.493"/>
  <testcase classname="runner.WebApp" name="test6" time="10.862"/>
  <testcase classname="runner.WebApp" name="test7" time="15.734"/>
  <testcase classname="runner.WebApp" name="test8" time="17.052"/>
  <testcase classname="runner.WebApp" name="test9" time="18.7"/>
  <testcase classname="runner.WebApp" name="test10" time="7.216"/>
</testsuite> <!-- Default test -->
